# Logfile created on 2010-12-30 20:28:20 +0000 by logger.rb/25413
D, [2010-12-30T20:28:20.286986 #26975] DEBUG -- : CALL: get with {"Action"=>"ListDomains", "Version"=>"2009-04-15", "SignatureMethod"=>"HmacSHA256", "SignatureVersion"=>"2", "AWSAccessKeyId"=>"AKIAJZT2KIZFM36DNBVQ", "Timestamp"=>"2010-12-30T20:28:20Z"}
D, [2010-12-30T20:28:20.287151 #26975] DEBUG -- : CANONICAL: "AWSAccessKeyId=AKIAJZT2KIZFM36DNBVQ&Action=ListDomains&SignatureMethod=HmacSHA256&SignatureVersion=2&Timestamp=2010-12-30T20%3A28%3A20Z&Version=2009-04-15"
D, [2010-12-30T20:28:20.287445 #26975] DEBUG -- : ACTUALQUERY: "AWSAccessKeyId=AKIAJZT2KIZFM36DNBVQ&Action=ListDomains&Signature=CAEgiSZ2rU%2B3DdOFbf%2BxJrtsJpzBoyD9PevlT7S0%2Fw0%3D&SignatureMethod=HmacSHA256&SignatureVersion=2&Timestamp=2010-12-30T20%3A28%3A20Z&Version=2009-04-15"
D, [2010-12-30T20:28:20.326685 #26975] DEBUG -- : RESP: "<?xml version=\"1.0\"?>\n<ListDomainsResponse xmlns=\"http://sdb.amazonaws.com/doc/2009-04-15/\"><ListDomainsResult><DomainName>MyDomain__Me</DomainName><DomainName>MyDomain__SDBS3User005</DomainName><DomainName>forforf_test0</DomainName><DomainName>my-domain</DomainName><DomainName>my_domain</DomainName></ListDomainsResult><ResponseMetadata><RequestId>914c01b8-f902-61b7-8a5f-f3aef9298a98</RequestId><BoxUsage>0.0000071759</BoxUsage></ResponseMetadata></ListDomainsResponse>"
D, [2010-12-30T20:28:20.329822 #26975] DEBUG -- : DECODED DOC:
D, [2010-12-30T20:28:20.924173 #26975] DEBUG -- : SELECT EXPRESSION BEFORE CALL: "select * from `MyDomain__SDBS3User005`"
D, [2010-12-30T20:28:20.924325 #26975] DEBUG -- : CALL: get with {"Action"=>"Select", "SelectExpression"=>"select * from `MyDomain__SDBS3User005`", "ConsistentRead"=>"true", "Version"=>"2009-04-15", "SignatureMethod"=>"HmacSHA256", "SignatureVersion"=>"2", "AWSAccessKeyId"=>"AKIAJZT2KIZFM36DNBVQ", "Timestamp"=>"2010-12-30T20:28:20Z"}
D, [2010-12-30T20:28:20.924497 #26975] DEBUG -- : CANONICAL: "AWSAccessKeyId=AKIAJZT2KIZFM36DNBVQ&Action=Select&ConsistentRead=true&SelectExpression=select%20%2A%20from%20%60MyDomain__SDBS3User005%60&SignatureMethod=HmacSHA256&SignatureVersion=2&Timestamp=2010-12-30T20%3A28%3A20Z&Version=2009-04-15"
D, [2010-12-30T20:28:20.924765 #26975] DEBUG -- : ACTUALQUERY: "AWSAccessKeyId=AKIAJZT2KIZFM36DNBVQ&Action=Select&ConsistentRead=true&SelectExpression=select%20%2A%20from%20%60MyDomain__SDBS3User005%60&Signature=4HKAxEDHT245KRu0agqNORSI%2FV%2BYHDdzwB8sx5yCo5Q%3D&SignatureMethod=HmacSHA256&SignatureVersion=2&Timestamp=2010-12-30T20%3A28%3A20Z&Version=2009-04-15"
D, [2010-12-30T20:28:20.985527 #26975] DEBUG -- : RESP: "<?xml version=\"1.0\"?>\n<SelectResponse xmlns=\"http://sdb.amazonaws.com/doc/2009-04-15/\"><SelectResult/><ResponseMetadata><RequestId>19f44a1c-4155-9965-0474-2815e72a4a0a</RequestId><BoxUsage>0.0000137200</BoxUsage></ResponseMetadata></SelectResponse>"
D, [2010-12-30T20:28:20.988048 #26975] DEBUG -- : DECODED DOC:
D, [2010-12-30T20:31:06.022017 #26977] DEBUG -- : CALL: get with {"Action"=>"ListDomains", "Version"=>"2009-04-15", "SignatureMethod"=>"HmacSHA256", "SignatureVersion"=>"2", "AWSAccessKeyId"=>"AKIAJZT2KIZFM36DNBVQ", "Timestamp"=>"2010-12-30T20:31:06Z"}
D, [2010-12-30T20:31:06.022245 #26977] DEBUG -- : CANONICAL: "AWSAccessKeyId=AKIAJZT2KIZFM36DNBVQ&Action=ListDomains&SignatureMethod=HmacSHA256&SignatureVersion=2&Timestamp=2010-12-30T20%3A31%3A06Z&Version=2009-04-15"
D, [2010-12-30T20:31:06.022527 #26977] DEBUG -- : ACTUALQUERY: "AWSAccessKeyId=AKIAJZT2KIZFM36DNBVQ&Action=ListDomains&Signature=UvILL8pwuVl1by14qpdK6B1TNobmqmCzWiTRZN8%2F3VQ%3D&SignatureMethod=HmacSHA256&SignatureVersion=2&Timestamp=2010-12-30T20%3A31%3A06Z&Version=2009-04-15"
D, [2010-12-30T20:31:06.052681 #26977] DEBUG -- : RESP: "<?xml version=\"1.0\"?>\n<ListDomainsResponse xmlns=\"http://sdb.amazonaws.com/doc/2009-04-15/\"><ListDomainsResult><DomainName>MyDomain__Me</DomainName><DomainName>MyDomain__SDBS3User005</DomainName><DomainName>forforf_test0</DomainName><DomainName>my-domain</DomainName><DomainName>my_domain</DomainName></ListDomainsResult><ResponseMetadata><RequestId>2833b7b3-aed8-5f14-529b-ff4a82558d29</RequestId><BoxUsage>0.0000071759</BoxUsage></ResponseMetadata></ListDomainsResponse>"
D, [2010-12-30T20:31:06.055629 #26977] DEBUG -- : DECODED DOC:
D, [2010-12-30T20:31:06.335469 #26977] DEBUG -- : SELECT EXPRESSION BEFORE CALL: "select * from `MyDomain__SDBS3User005`"
D, [2010-12-30T20:31:06.335601 #26977] DEBUG -- : CALL: get with {"Action"=>"Select", "SelectExpression"=>"select * from `MyDomain__SDBS3User005`", "ConsistentRead"=>"true", "Version"=>"2009-04-15", "SignatureMethod"=>"HmacSHA256", "SignatureVersion"=>"2", "AWSAccessKeyId"=>"AKIAJZT2KIZFM36DNBVQ", "Timestamp"=>"2010-12-30T20:31:06Z"}
D, [2010-12-30T20:31:06.335760 #26977] DEBUG -- : CANONICAL: "AWSAccessKeyId=AKIAJZT2KIZFM36DNBVQ&Action=Select&ConsistentRead=true&SelectExpression=select%20%2A%20from%20%60MyDomain__SDBS3User005%60&SignatureMethod=HmacSHA256&SignatureVersion=2&Timestamp=2010-12-30T20%3A31%3A06Z&Version=2009-04-15"
D, [2010-12-30T20:31:06.335997 #26977] DEBUG -- : ACTUALQUERY: "AWSAccessKeyId=AKIAJZT2KIZFM36DNBVQ&Action=Select&ConsistentRead=true&SelectExpression=select%20%2A%20from%20%60MyDomain__SDBS3User005%60&Signature=hA9nbmOVj9OpgjLRCVWnZ3wkpc6hC5%2FI7qRah14rnKc%3D&SignatureMethod=HmacSHA256&SignatureVersion=2&Timestamp=2010-12-30T20%3A31%3A06Z&Version=2009-04-15"
D, [2010-12-30T20:31:06.359014 #26977] DEBUG -- : RESP: "<?xml version=\"1.0\"?>\n<SelectResponse xmlns=\"http://sdb.amazonaws.com/doc/2009-04-15/\"><SelectResult/><ResponseMetadata><RequestId>6db0a0b6-a83d-aa5c-e54f-11474b19fe31</RequestId><BoxUsage>0.0000137200</BoxUsage></ResponseMetadata></SelectResponse>"
D, [2010-12-30T20:31:06.361497 #26977] DEBUG -- : DECODED DOC:
